2015-08-25 17:37:23,311 INFO  [main:EnvironmentServerFactory] - Creating cave storage with cfg: ServerConfiguration [serverData=localhost:27017]
2015-08-25 17:37:23,343 INFO  [main:EnvironmentServerFactory] - Creating subscription service with cfg: ServerConfiguration [serverData=localhost:42042]
2015-08-25 17:37:23,349 INFO  [main:EnvironmentServerFactory] - Creating weather service with cfg: ServerConfiguration [serverData=localhost:8182]
2015-08-25 17:37:23,369 INFO  [main:CaveDaemon] - === SkyCave Reactor starting...
2015-08-25 17:37:23,370 INFO  [main:CaveDaemon] - Cave Configuration =StandardServerCave configuration:
  CaveStorage: cloud.cave.doubles.FakeCaveStorage / cfg: ServerConfiguration [serverData=localhost:27017]
  SubscriptionService: cloud.cave.doubles.TestStubSubscriptionService / cfg: ServerConfiguration [serverData=localhost:42042]
  WeatherService: cloud.cave.doubles.TestStubWeatherService / cfg: ServerConfiguration [serverData=localhost:8182]

2015-08-26 12:08:00,383 ERROR [main:ClientCommon] - requestAndAwaitReply: Server returned an error 'Player.execute failed to load Command class: BimseCommand'.
2015-08-26 12:08:00,468 WARN  [main:StandardInvoker] - handleRequest: Unhandled request as the method key invalid-method-key is unknown. Full request={"method":"invalid-method-key","parameter":"my best parameter","player-id":"user-001","version":"2","player-session-id":"820cb89a-53df-4f21-8814-dae38518c6a8"}
2015-08-26 12:08:00,503 ERROR [main:ClientCommon] - requestAndAwaitReply: Server returned an error 'PlayerDispatcher: The session for player user-003 is no longer valid (Client session=c4d01999-4c92-45fb-bd3d-1581d0ce5955/Server cached session=1d614cda-de6b-4907-ad74-582ebb659663).'.
2015-08-26 12:08:00,504 ERROR [main:ClientCommon] - requestAndAwaitReply: Server returned an error 'PlayerDispatcher: The session for player user-003 is no longer valid (Client session=c4d01999-4c92-45fb-bd3d-1581d0ce5955/Server cached session=1d614cda-de6b-4907-ad74-582ebb659663).'.
2015-08-26 12:08:00,504 ERROR [main:ClientCommon] - requestAndAwaitReply: Server returned an error 'PlayerDispatcher: The session for player user-003 is no longer valid (Client session=c4d01999-4c92-45fb-bd3d-1581d0ce5955/Server cached session=1d614cda-de6b-4907-ad74-582ebb659663).'.
2015-08-26 12:08:00,504 ERROR [main:ClientCommon] - requestAndAwaitReply: Server returned an error 'PlayerDispatcher: The session for player user-003 is no longer valid (Client session=c4d01999-4c92-45fb-bd3d-1581d0ce5955/Server cached session=1d614cda-de6b-4907-ad74-582ebb659663).'.
2015-08-26 12:08:00,504 ERROR [main:ClientCommon] - requestAndAwaitReply: Server returned an error 'PlayerDispatcher: The session for player user-003 is no longer valid (Client session=c4d01999-4c92-45fb-bd3d-1581d0ce5955/Server cached session=1d614cda-de6b-4907-ad74-582ebb659663).'.
2015-08-26 12:08:00,504 ERROR [main:ClientCommon] - requestAndAwaitReply: Server returned an error 'PlayerDispatcher: The session for player user-003 is no longer valid (Client session=c4d01999-4c92-45fb-bd3d-1581d0ce5955/Server cached session=1d614cda-de6b-4907-ad74-582ebb659663).'.
2015-08-26 12:08:00,504 ERROR [main:ClientCommon] - requestAndAwaitReply: Server returned an error 'PlayerDispatcher: The session for player user-003 is no longer valid (Client session=c4d01999-4c92-45fb-bd3d-1581d0ce5955/Server cached session=1d614cda-de6b-4907-ad74-582ebb659663).'.
2015-08-26 12:08:00,504 ERROR [main:ClientCommon] - requestAndAwaitReply: Server returned an error 'PlayerDispatcher: The session for player user-003 is no longer valid (Client session=c4d01999-4c92-45fb-bd3d-1581d0ce5955/Server cached session=1d614cda-de6b-4907-ad74-582ebb659663).'.
2015-08-26 12:08:00,504 ERROR [main:ClientCommon] - requestAndAwaitReply: Server returned an error 'PlayerDispatcher: The session for player user-003 is no longer valid (Client session=c4d01999-4c92-45fb-bd3d-1581d0ce5955/Server cached session=1d614cda-de6b-4907-ad74-582ebb659663).'.
2015-08-26 12:08:00,710 ERROR [main:ClientCommon] - Failed due to IPC Exception
cloud.cave.ipc.CaveIPCException: Could Not Connect to server
	at cloud.cave.doubles.SaboteurCRHDecorator.sendRequestAndBlockUntilReply(SaboteurCRHDecorator.java:20)
	at cloud.cave.client.ClientCommon.requestAndAwaitReply(ClientCommon.java:31)
	at cloud.cave.client.CaveProxy.requestAndAwaitReply(CaveProxy.java:117)
	at cloud.cave.client.CaveProxy.login(CaveProxy.java:53)
	at cloud.cave.client.TestUnhappyPath.shouldThrowIPCExceptionForTimeOut(TestUnhappyPath.java:50)
	at sun.reflect.NativeMethodAccessorImpl.invoke0(Native Method)
	at sun.reflect.NativeMethodAccessorImpl.invoke(NativeMethodAccessorImpl.java:62)
	at sun.reflect.DelegatingMethodAccessorImpl.invoke(DelegatingMethodAccessorImpl.java:43)
	at java.lang.reflect.Method.invoke(Method.java:497)
	at org.junit.runners.model.FrameworkMethod$1.runReflectiveCall(FrameworkMethod.java:47)
	at org.junit.internal.runners.model.ReflectiveCallable.run(ReflectiveCallable.java:12)
	at org.junit.runners.model.FrameworkMethod.invokeExplosively(FrameworkMethod.java:44)
	at org.junit.internal.runners.statements.InvokeMethod.evaluate(InvokeMethod.java:17)
	at org.junit.internal.runners.statements.RunBefores.evaluate(RunBefores.java:26)
	at org.junit.runners.ParentRunner.runLeaf(ParentRunner.java:271)
	at org.junit.runners.BlockJUnit4ClassRunner.runChild(BlockJUnit4ClassRunner.java:70)
	at org.junit.runners.BlockJUnit4ClassRunner.runChild(BlockJUnit4ClassRunner.java:50)
	at org.junit.runners.ParentRunner$3.run(ParentRunner.java:238)
	at org.junit.runners.ParentRunner$1.schedule(ParentRunner.java:63)
	at org.junit.runners.ParentRunner.runChildren(ParentRunner.java:236)
	at org.junit.runners.ParentRunner.access$000(ParentRunner.java:53)
	at org.junit.runners.ParentRunner$2.evaluate(ParentRunner.java:229)
	at org.junit.runners.ParentRunner.run(ParentRunner.java:309)
	at junit.framework.JUnit4TestAdapter.run(JUnit4TestAdapter.java:38)
	at org.apache.tools.ant.taskdefs.optional.junit.JUnitTestRunner.run(JUnitTestRunner.java:532)
	at org.apache.tools.ant.taskdefs.optional.junit.JUnitTestRunner.launch(JUnitTestRunner.java:1179)
	at org.apache.tools.ant.taskdefs.optional.junit.JUnitTestRunner.main(JUnitTestRunner.java:1001)
2015-08-26 12:08:00,714 ERROR [main:CaveProxy] - Login of mikkel_aarskort failed due to LOGIN_FAILED_SERVER_ERROR. Error msg from server: 'requestAndAwaitReply failed due to IPC Exception: Could Not Connect to server'.
2015-08-26 12:08:00,725 ERROR [main:StandardServerCave] - Lookup failed on subscription service due to IPC exception:SubscriptionService: Timeout in connecting to the service
2015-08-26 12:08:00,859 ERROR [main:ClientCommon] - requestAndAwaitReply: Server returned an error 'Player.execute failed to load Command class: BimseCommand'.
2015-08-26 12:08:00,899 INFO  [main:EnvironmentServerFactory] - Creating subscription service with cfg: ServerConfiguration [serverData=subscription.baerbak.com:42042]
2015-08-26 12:08:00,910 INFO  [main:EnvironmentServerFactory] - Creating weather service with cfg: ServerConfiguration [serverData=weather.baerbak.com:8182]
2015-08-26 12:08:00,913 INFO  [main:EnvironmentServerFactory] - Creating cave storage with cfg: ServerConfiguration [serverData=192.168.237.130:27017]
2015-08-26 12:09:11,604 ERROR [main:ClientCommon] - requestAndAwaitReply: Server returned an error 'Player.execute failed to load Command class: BimseCommand'.
2015-08-26 12:09:11,707 WARN  [main:StandardInvoker] - handleRequest: Unhandled request as the method key invalid-method-key is unknown. Full request={"method":"invalid-method-key","parameter":"my best parameter","player-id":"user-001","version":"2","player-session-id":"a1930267-0e95-4b4b-845b-75e7b482900f"}
2015-08-26 12:09:11,744 ERROR [main:ClientCommon] - requestAndAwaitReply: Server returned an error 'PlayerDispatcher: The session for player user-003 is no longer valid (Client session=38a5fad2-f73b-4aa0-8c97-dbf6be7d0148/Server cached session=f312fbc4-5c89-46cd-8750-ac3bb4381897).'.
2015-08-26 12:09:11,744 ERROR [main:ClientCommon] - requestAndAwaitReply: Server returned an error 'PlayerDispatcher: The session for player user-003 is no longer valid (Client session=38a5fad2-f73b-4aa0-8c97-dbf6be7d0148/Server cached session=f312fbc4-5c89-46cd-8750-ac3bb4381897).'.
2015-08-26 12:09:11,744 ERROR [main:ClientCommon] - requestAndAwaitReply: Server returned an error 'PlayerDispatcher: The session for player user-003 is no longer valid (Client session=38a5fad2-f73b-4aa0-8c97-dbf6be7d0148/Server cached session=f312fbc4-5c89-46cd-8750-ac3bb4381897).'.
2015-08-26 12:09:11,744 ERROR [main:ClientCommon] - requestAndAwaitReply: Server returned an error 'PlayerDispatcher: The session for player user-003 is no longer valid (Client session=38a5fad2-f73b-4aa0-8c97-dbf6be7d0148/Server cached session=f312fbc4-5c89-46cd-8750-ac3bb4381897).'.
2015-08-26 12:09:11,744 ERROR [main:ClientCommon] - requestAndAwaitReply: Server returned an error 'PlayerDispatcher: The session for player user-003 is no longer valid (Client session=38a5fad2-f73b-4aa0-8c97-dbf6be7d0148/Server cached session=f312fbc4-5c89-46cd-8750-ac3bb4381897).'.
2015-08-26 12:09:11,745 ERROR [main:ClientCommon] - requestAndAwaitReply: Server returned an error 'PlayerDispatcher: The session for player user-003 is no longer valid (Client session=38a5fad2-f73b-4aa0-8c97-dbf6be7d0148/Server cached session=f312fbc4-5c89-46cd-8750-ac3bb4381897).'.
2015-08-26 12:09:11,745 ERROR [main:ClientCommon] - requestAndAwaitReply: Server returned an error 'PlayerDispatcher: The session for player user-003 is no longer valid (Client session=38a5fad2-f73b-4aa0-8c97-dbf6be7d0148/Server cached session=f312fbc4-5c89-46cd-8750-ac3bb4381897).'.
2015-08-26 12:09:11,745 ERROR [main:ClientCommon] - requestAndAwaitReply: Server returned an error 'PlayerDispatcher: The session for player user-003 is no longer valid (Client session=38a5fad2-f73b-4aa0-8c97-dbf6be7d0148/Server cached session=f312fbc4-5c89-46cd-8750-ac3bb4381897).'.
2015-08-26 12:09:11,745 ERROR [main:ClientCommon] - requestAndAwaitReply: Server returned an error 'PlayerDispatcher: The session for player user-003 is no longer valid (Client session=38a5fad2-f73b-4aa0-8c97-dbf6be7d0148/Server cached session=f312fbc4-5c89-46cd-8750-ac3bb4381897).'.
2015-08-26 12:09:11,956 ERROR [main:ClientCommon] - Failed due to IPC Exception
cloud.cave.ipc.CaveIPCException: Could Not Connect to server
	at cloud.cave.doubles.SaboteurCRHDecorator.sendRequestAndBlockUntilReply(SaboteurCRHDecorator.java:20)
	at cloud.cave.client.ClientCommon.requestAndAwaitReply(ClientCommon.java:31)
	at cloud.cave.client.CaveProxy.requestAndAwaitReply(CaveProxy.java:117)
	at cloud.cave.client.CaveProxy.login(CaveProxy.java:53)
	at cloud.cave.client.TestUnhappyPath.shouldThrowIPCExceptionForTimeOut(TestUnhappyPath.java:50)
	at sun.reflect.NativeMethodAccessorImpl.invoke0(Native Method)
	at sun.reflect.NativeMethodAccessorImpl.invoke(NativeMethodAccessorImpl.java:62)
	at sun.reflect.DelegatingMethodAccessorImpl.invoke(DelegatingMethodAccessorImpl.java:43)
	at java.lang.reflect.Method.invoke(Method.java:497)
	at org.junit.runners.model.FrameworkMethod$1.runReflectiveCall(FrameworkMethod.java:47)
	at org.junit.internal.runners.model.ReflectiveCallable.run(ReflectiveCallable.java:12)
	at org.junit.runners.model.FrameworkMethod.invokeExplosively(FrameworkMethod.java:44)
	at org.junit.internal.runners.statements.InvokeMethod.evaluate(InvokeMethod.java:17)
	at org.junit.internal.runners.statements.RunBefores.evaluate(RunBefores.java:26)
	at org.junit.runners.ParentRunner.runLeaf(ParentRunner.java:271)
	at org.junit.runners.BlockJUnit4ClassRunner.runChild(BlockJUnit4ClassRunner.java:70)
	at org.junit.runners.BlockJUnit4ClassRunner.runChild(BlockJUnit4ClassRunner.java:50)
	at org.junit.runners.ParentRunner$3.run(ParentRunner.java:238)
	at org.junit.runners.ParentRunner$1.schedule(ParentRunner.java:63)
	at org.junit.runners.ParentRunner.runChildren(ParentRunner.java:236)
	at org.junit.runners.ParentRunner.access$000(ParentRunner.java:53)
	at org.junit.runners.ParentRunner$2.evaluate(ParentRunner.java:229)
	at org.junit.runners.ParentRunner.run(ParentRunner.java:309)
	at junit.framework.JUnit4TestAdapter.run(JUnit4TestAdapter.java:38)
	at org.apache.tools.ant.taskdefs.optional.junit.JUnitTestRunner.run(JUnitTestRunner.java:532)
	at org.apache.tools.ant.taskdefs.optional.junit.JUnitTestRunner.launch(JUnitTestRunner.java:1179)
	at org.apache.tools.ant.taskdefs.optional.junit.JUnitTestRunner.main(JUnitTestRunner.java:1001)
2015-08-26 12:09:11,960 ERROR [main:CaveProxy] - Login of mikkel_aarskort failed due to LOGIN_FAILED_SERVER_ERROR. Error msg from server: 'requestAndAwaitReply failed due to IPC Exception: Could Not Connect to server'.
2015-08-26 12:09:11,977 ERROR [main:StandardServerCave] - Lookup failed on subscription service due to IPC exception:SubscriptionService: Timeout in connecting to the service
2015-08-26 12:09:12,121 ERROR [main:ClientCommon] - requestAndAwaitReply: Server returned an error 'Player.execute failed to load Command class: BimseCommand'.
2015-08-26 12:09:12,171 INFO  [main:EnvironmentServerFactory] - Creating subscription service with cfg: ServerConfiguration [serverData=subscription.baerbak.com:42042]
2015-08-26 12:09:12,195 INFO  [main:EnvironmentServerFactory] - Creating weather service with cfg: ServerConfiguration [serverData=weather.baerbak.com:8182]
2015-08-26 12:09:12,196 INFO  [main:EnvironmentServerFactory] - Creating cave storage with cfg: ServerConfiguration [serverData=192.168.237.130:27017]
